
AMPATH Import Date: 05-09-2019 15-43-24
2052300056
2052300211
2052300083
2052300487
2052300503
2052300388
2052300490
1911400127
2052300244
2052300008
2052300200
2052300489
2052300220
2052300486
2052300221
2052300429
2052300464
1355200033
2052300344
2052300501
2052300030
2052300266
2052300252
2052300063
2052300306
2052300481
2052300385
2052300420
2052300115
2052300199
2052300493
2052300024
2052300068
2052300496
2052300351
2052300216
2052300136
2052300004
2052300074
2052300485
2052300094
2052300129
2052300004
2040800012
2052300128
2052300100
2052300471
1393919387
2052300305
2052300421

